  Game.cpp
c:\users\surin\desktop\rpg만들기 2\rpg만들기 2\mapdraw.h(20): warning C4838: 'int'에서 'SHORT'(으)로의 변환에는 축소 변환이 필요합니다.
c:\users\surin\desktop\rpg만들기 2\rpg만들기 2\game.cpp(10): warning C4996: 'sprintf': This function or variable may be unsafe. Consider using sprintf_s instead. To disable deprecation, use _CRT_SECURE_NO_WARNINGS. See online help for details.
  d:\windows kits\10\include\10.0.17763.0\ucrt\stdio.h(1774): note: 'sprintf' 선언을 참조하십시오.
c:\users\surin\desktop\rpg만들기 2\rpg만들기 2\game.cpp(21): warning C4244: '인수': 'float'에서 'int'(으)로 변환하면서 데이터가 손실될 수 있습니다.
c:\users\surin\desktop\rpg만들기 2\rpg만들기 2\game.cpp(22): warning C4244: '인수': 'float'에서 'int'(으)로 변환하면서 데이터가 손실될 수 있습니다.
c:\users\surin\desktop\rpg만들기 2\rpg만들기 2\game.cpp(23): warning C4244: '인수': 'float'에서 'int'(으)로 변환하면서 데이터가 손실될 수 있습니다.
c:\users\surin\desktop\rpg만들기 2\rpg만들기 2\game.cpp(24): warning C4244: '인수': 'float'에서 'int'(으)로 변환하면서 데이터가 손실될 수 있습니다.
c:\users\surin\desktop\rpg만들기 2\rpg만들기 2\game.cpp(25): warning C4244: '인수': 'float'에서 'int'(으)로 변환하면서 데이터가 손실될 수 있습니다.
c:\users\surin\desktop\rpg만들기 2\rpg만들기 2\game.cpp(51): warning C4244: '인수': 'float'에서 'int'(으)로 변환하면서 데이터가 손실될 수 있습니다.
c:\users\surin\desktop\rpg만들기 2\rpg만들기 2\game.cpp(52): warning C4244: '인수': 'float'에서 'int'(으)로 변환하면서 데이터가 손실될 수 있습니다.
c:\users\surin\desktop\rpg만들기 2\rpg만들기 2\game.cpp(53): warning C4244: '인수': 'float'에서 'int'(으)로 변환하면서 데이터가 손실될 수 있습니다.
c:\users\surin\desktop\rpg만들기 2\rpg만들기 2\game.cpp(54): warning C4244: '인수': 'float'에서 'int'(으)로 변환하면서 데이터가 손실될 수 있습니다.
c:\users\surin\desktop\rpg만들기 2\rpg만들기 2\game.cpp(55): warning C4244: '인수': 'float'에서 'int'(으)로 변환하면서 데이터가 손실될 수 있습니다.
c:\users\surin\desktop\rpg만들기 2\rpg만들기 2\game.cpp(56): warning C4244: '인수': 'float'에서 'int'(으)로 변환하면서 데이터가 손실될 수 있습니다.
c:\users\surin\desktop\rpg만들기 2\rpg만들기 2\game.cpp(57): warning C4244: '인수': 'float'에서 'int'(으)로 변환하면서 데이터가 손실될 수 있습니다.
c:\users\surin\desktop\rpg만들기 2\rpg만들기 2\game.cpp(58): warning C4244: '인수': 'float'에서 'int'(으)로 변환하면서 데이터가 손실될 수 있습니다.
c:\users\surin\desktop\rpg만들기 2\rpg만들기 2\game.cpp(65): warning C4244: '인수': 'float'에서 'int'(으)로 변환하면서 데이터가 손실될 수 있습니다.
c:\users\surin\desktop\rpg만들기 2\rpg만들기 2\game.cpp(66): warning C4996: 'getch': The POSIX name for this item is deprecated. Instead, use the ISO C and C++ conformant name: _getch. See online help for details.
  d:\windows kits\10\include\10.0.17763.0\ucrt\conio.h(453): note: 'getch' 선언을 참조하십시오.
c:\users\surin\desktop\rpg만들기 2\rpg만들기 2\game.cpp(92): warning C4244: '인수': 'float'에서 'int'(으)로 변환하면서 데이터가 손실될 수 있습니다.
c:\users\surin\desktop\rpg만들기 2\rpg만들기 2\game.cpp(93): warning C4305: '초기화 중': 'double'에서 'float'(으)로 잘립니다.
c:\users\surin\desktop\rpg만들기 2\rpg만들기 2\game.cpp(96): warning C4244: '인수': 'float'에서 'int'(으)로 변환하면서 데이터가 손실될 수 있습니다.
c:\users\surin\desktop\rpg만들기 2\rpg만들기 2\game.cpp(97): warning C4305: '+=': 'double'에서 'float'(으)로 잘립니다.
c:\users\surin\desktop\rpg만들기 2\rpg만들기 2\game.cpp(99): warning C4244: '인수': 'float'에서 'int'(으)로 변환하면서 데이터가 손실될 수 있습니다.
c:\users\surin\desktop\rpg만들기 2\rpg만들기 2\game.cpp(100): warning C4244: '인수': 'float'에서 'int'(으)로 변환하면서 데이터가 손실될 수 있습니다.
c:\users\surin\desktop\rpg만들기 2\rpg만들기 2\game.cpp(111): warning C4244: '인수': 'float'에서 'int'(으)로 변환하면서 데이터가 손실될 수 있습니다.
c:\users\surin\desktop\rpg만들기 2\rpg만들기 2\game.cpp(112): warning C4244: '인수': 'float'에서 'int'(으)로 변환하면서 데이터가 손실될 수 있습니다.
c:\users\surin\desktop\rpg만들기 2\rpg만들기 2\game.cpp(113): warning C4244: '인수': 'float'에서 'int'(으)로 변환하면서 데이터가 손실될 수 있습니다.
c:\users\surin\desktop\rpg만들기 2\rpg만들기 2\game.cpp(116): warning C4244: '인수': 'float'에서 'int'(으)로 변환하면서 데이터가 손실될 수 있습니다.
c:\users\surin\desktop\rpg만들기 2\rpg만들기 2\game.cpp(117): warning C4244: '인수': 'float'에서 'int'(으)로 변환하면서 데이터가 손실될 수 있습니다.
c:\users\surin\desktop\rpg만들기 2\rpg만들기 2\game.cpp(129): warning C4244: '인수': 'float'에서 'int'(으)로 변환하면서 데이터가 손실될 수 있습니다.
c:\users\surin\desktop\rpg만들기 2\rpg만들기 2\game.cpp(130): warning C4244: '인수': 'float'에서 'int'(으)로 변환하면서 데이터가 손실될 수 있습니다.
c:\users\surin\desktop\rpg만들기 2\rpg만들기 2\game.cpp(131): warning C4244: '인수': 'float'에서 'int'(으)로 변환하면서 데이터가 손실될 수 있습니다.
c:\users\surin\desktop\rpg만들기 2\rpg만들기 2\game.cpp(132): warning C4244: '인수': 'float'에서 'int'(으)로 변환하면서 데이터가 손실될 수 있습니다.
c:\users\surin\desktop\rpg만들기 2\rpg만들기 2\game.cpp(133): warning C4244: '인수': 'float'에서 'int'(으)로 변환하면서 데이터가 손실될 수 있습니다.
c:\users\surin\desktop\rpg만들기 2\rpg만들기 2\game.cpp(134): warning C4244: '인수': 'float'에서 'int'(으)로 변환하면서 데이터가 손실될 수 있습니다.
c:\users\surin\desktop\rpg만들기 2\rpg만들기 2\game.cpp(135): warning C4244: '인수': 'float'에서 'int'(으)로 변환하면서 데이터가 손실될 수 있습니다.
c:\users\surin\desktop\rpg만들기 2\rpg만들기 2\game.cpp(136): warning C4996: 'getch': The POSIX name for this item is deprecated. Instead, use the ISO C and C++ conformant name: _getch. See online help for details.
  d:\windows kits\10\include\10.0.17763.0\ucrt\conio.h(453): note: 'getch' 선언을 참조하십시오.
  RPG만들기 2.vcxproj -> C:\Users\surin\Desktop\RPG만들기 2\Debug\RPG만들기 2.exe
